============================= test session starts ==============================
platform darwin -- Python 3.13.7, pytest-9.0.2, pluggy-1.6.0 -- /Users/tumiso_monini/Documents/GitHub/AI_GEN_course_build/.venv/bin/python
cachedir: .pytest_cache
rootdir: /Users/tumiso_monini/Documents/GitHub/AI_GEN_course_build
configfile: pytest.ini
plugins: typeguard-4.5.1, asyncio-1.3.0, langsmith-0.3.45, anyio-4.13.0
asyncio: mode=Mode.STRICT, debug=False, asyncio_default_fixture_loop_scope=None, asyncio_default_test_loop_scope=function
collecting ... collected 56 items / 1 deselected / 55 selected

Application/Tests/test_api.py::TestCoursesEndpoints::test_search_courses FAILED [  1%]
Application/Tests/test_api.py::TestCoursesEndpoints::test_generate_course_template FAILED [  3%]
Application/Tests/test_api.py::TestCoursesEndpoints::test_generate_short_title_fails PASSED [  5%]
Application/Tests/test_api.py::TestCoursesEndpoints::test_generate_no_title_fails PASSED [  7%]
Application/Tests/test_api.py::TestCoursesEndpoints::test_generate_invalid_duration_fails PASSED [  9%]
Application/Tests/test_api.py::TestCoursesEndpoints::test_generate_invalid_level_fails PASSED [ 10%]
Application/Tests/test_api.py::TestCoursesEndpoints::test_get_course_review FAILED [ 12%]
Application/Tests/test_api.py::TestCoursesEndpoints::test_course_status FAILED [ 14%]
Application/Tests/test_api.py::TestSyllabusEndpoints::test_scrape_syllabus PASSED [ 16%]
Application/Tests/test_api.py::TestSyllabusEndpoints::test_generate_syllabus FAILED [ 18%]
Application/Tests/test_api.py::test_root_redirect PASSED                 [ 20%]
Application/Tests/test_author_agent.py::test_author_generate_content PASSED [ 21%]
Application/Tests/test_db_health.py::test_triple_db_manager FAILED       [ 23%]
Application/Tests/test_db_health.py::test_check_all_dbs_healthy FAILED   [ 25%]
Application/Tests/test_db_health.py::test_postgres_singleton PASSED      [ 27%]
Application/Tests/test_db_health.py::test_neo4j_singleton FAILED         [ 29%]
Application/Tests/test_frontend_api_interactivity.py::test_flow FAILED   [ 30%]
Application/Tests/test_neo4j_sync.py::test_build_config_local PASSED     [ 32%]
Application/Tests/test_neo4j_sync.py::test_build_config_cloud PASSED     [ 34%]
Application/Tests/test_neo4j_sync.py::test_build_config_missing_raises PASSED [ 36%]
Application/Tests/test_neo4j_sync.py::test_merge_topics_dry_run PASSED   [ 38%]
Application/Tests/test_neo4j_sync.py::test_merge_relationships_dry_run PASSED [ 40%]
Application/Tests/test_neo4j_sync.py::test_extract_topics_empty PASSED   [ 41%]
Application/Tests/test_neo4j_sync.py::test_extract_topics_and_relationships PASSED [ 43%]
Application/Tests/test_neo4j_sync.py::test_merge_topics_idempotent PASSED [ 45%]
Application/Tests/test_neo4j_sync.py::test_merge_relationships_idempotent PASSED [ 47%]
Application/Tests/test_neo4j_sync.py::test_run_sync_full_cycle PASSED    [ 49%]
Application/Tests/test_planner_agent.py::test_planner_generate_syllabus PASSED [ 50%]
Application/Tests/test_postgres_repo.py::test_tables_exist PASSED        [ 52%]
Application/Tests/test_postgres_repo.py::test_create_course_returns_id PASSED [ 54%]
Application/Tests/test_postgres_repo.py::test_create_course_without_description PASSED [ 56%]
Application/Tests/test_postgres_repo.py::test_create_course_from_template FAILED [ 58%]
Application/Tests/test_postgres_repo.py::test_get_course_review PASSED   [ 60%]
Application/Tests/test_postgres_repo.py::test_get_course_review_not_found PASSED [ 61%]
Application/Tests/test_postgres_repo.py::test_get_chapters_empty PASSED  [ 63%]
Application/Tests/test_postgres_repo.py::test_get_chapters_ordered PASSED [ 65%]
Application/Tests/test_postgres_repo.py::test_log_and_retrieve PASSED    [ 67%]
Application/Tests/test_postgres_repo.py::test_update_course_status PASSED [ 69%]
Application/Tests/test_postgres_repo.py::test_create_approval_approved PASSED [ 70%]
Application/Tests/test_postgres_repo.py::test_create_approval_rejected PASSED [ 72%]
Application/Tests/test_postgres_repo.py::test_search_courses PASSED      [ 74%]
Application/Tests/test_postgres_repo.py::test_search_courses_no_match PASSED [ 76%]
Application/Tests/test_postgres_repo.py::test_get_metrics_empty PASSED   [ 78%]
Application/Tests/test_rag_integration.py::TestRAGIntegration::test_full_rag_flow PASSED [ 80%]
Application/Tests/test_rag_integration.py::TestRAGIntegration::test_vector_retrieval_accuracy SKIPPED [ 81%]
Application/Tests/test_scraper.py::test_scraper_initialization PASSED    [ 83%]
Application/Tests/test_scraper.py::test_cleaner_raw_text PASSED          [ 85%]
Application/Tests/test_scraper.py::test_cleaner_syllabus_dict FAILED     [ 87%]
Application/Tests/test_scraper.py::test_scrape_relevant_syllabi_parallel FAILED [ 89%]
Application/Tests/test_syllabus_workflow.py::test_successful_workflow_execution FAILED [ 90%]
Application/Tests/test_syllabus_workflow.py::test_workflow_with_empty_topics FAILED [ 92%]
Application/Tests/test_syllabus_workflow.py::test_workflow_with_validation_failure FAILED [ 94%]
Application/Tests/test_syllabus_workflow.py::test_workflow_with_author_failure FAILED [ 96%]
Application/Tests/test_syllabus_workflow.py::test_workflow_with_reviewer_failure FAILED [ 98%]
Application/Tests/test_syllabus_workflow.py::test_workflow_with_assembler_failure FAILED [100%]

=================================== FAILURES ===================================
___________________ TestCoursesEndpoints.test_search_courses ___________________
Application/Tests/test_api.py:32: in test_search_courses
    assert response.status_code == 200
E   assert 500 == 200
E    +  where 500 = <Response [500 Internal Server Error]>.status_code
----------------------------- Captured stdout call -----------------------------
PostgresRepo connected: localhost:5433/ai_gen_db
PostgresRepo connected: localhost:5433/ai_gen_db
PostgresRepo connected: localhost:5433/ai_gen_db
🚨 UNHANDLED EXCEPTION: 'NoneType' object has no attribute 'search_courses'
----------------------------- Captured stderr call -----------------------------
Traceback (most recent call last):
  File "/Users/tumiso_monini/Documents/GitHub/AI_GEN_course_build/.venv/lib/python3.13/site-packages/starlette/middleware/base.py", line 157, in call_next
    message = await recv_stream.receive()
              ^^^^^^^^^^^^^^^^^^^^^^^^^^^
  File "/Users/tumiso_monini/Documents/GitHub/AI_GEN_course_build/.venv/lib/python3.13/site-packages/anyio/streams/memory.py", line 132, in receive
    raise EndOfStream from None
anyio.EndOfStream

During handling of the above exception, another exception occurred:

Traceback (most recent call last):
  File "/Users/tumiso_monini/Documents/GitHub/AI_GEN_course_build/Application/API/Main.py", line 109, in catch_exceptions_middleware
    return await call_next(request)
           ^^^^^^^^^^^^^^^^^^^^^^^^
  File "/Users/tumiso_monini/Documents/GitHub/AI_GEN_course_build/.venv/lib/python3.13/site-packages/starlette/middleware/base.py", line 163, in call_next
    raise app_exc
  File "/Users/tumiso_monini/Documents/GitHub/AI_GEN_course_build/.venv/lib/python3.13/site-packages/starlette/middleware/base.py", line 149, in coro
    await self.app(scope, receive_or_disconnect, send_no_error)
  File "/Users/tumiso_monini/Documents/GitHub/AI_GEN_course_build/.venv/lib/python3.13/site-packages/starlette/middleware/cors.py", line 85, in __call__
    await self.app(scope, receive, send)
  File "/Users/tumiso_monini/Documents/GitHub/AI_GEN_course_build/.venv/lib/python3.13/site-packages/starlette/middleware/exceptions.py", line 62, in __call__
    await wrap_app_handling_exceptions(self.app, conn)(scope, receive, send)
  File "/Users/tumiso_monini/Documents/GitHub/AI_GEN_course_build/.venv/lib/python3.13/site-packages/starlette/_exception_handler.py", line 62, in wrapped_app
    raise exc
  File "/Users/tumiso_monini/Documents/GitHub/AI_GEN_course_build/.venv/lib/python3.13/site-packages/starlette/_exception_handler.py", line 51, in wrapped_app
    await app(scope, receive, sender)
  File "/Users/tumiso_monini/Documents/GitHub/AI_GEN_course_build/.venv/lib/python3.13/site-packages/starlette/routing.py", line 715, in __call__
    await self.middleware_stack(scope, receive, send)
  File "/Users/tumiso_monini/Documents/GitHub/AI_GEN_course_build/.venv/lib/python3.13/site-packages/starlette/routing.py", line 735, in app
    await route.handle(scope, receive, send)
  File "/Users/tumiso_monini/Documents/GitHub/AI_GEN_course_build/.venv/lib/python3.13/site-packages/starlette/routing.py", line 288, in handle
    await self.app(scope, receive, send)
  File "/Users/tumiso_monini/Documents/GitHub/AI_GEN_course_build/.venv/lib/python3.13/site-packages/starlette/routing.py", line 76, in app
    await wrap_app_handling_exceptions(app, request)(scope, receive, send)
  File "/Users/tumiso_monini/Documents/GitHub/AI_GEN_course_build/.venv/lib/python3.13/site-packages/starlette/_exception_handler.py", line 62, in wrapped_app
    raise exc
  File "/Users/tumiso_monini/Documents/GitHub/AI_GEN_course_build/.venv/lib/python3.13/site-packages/starlette/_exception_handler.py", line 51, in wrapped_app
    await app(scope, receive, sender)
  File "/Users/tumiso_monini/Documents/GitHub/AI_GEN_course_build/.venv/lib/python3.13/site-packages/starlette/routing.py", line 73, in app
    response = await f(request)
               ^^^^^^^^^^^^^^^^
  File "/Users/tumiso_monini/Documents/GitHub/AI_GEN_course_build/.venv/lib/python3.13/site-packages/fastapi/routing.py", line 301, in app
    raw_response = await run_endpoint_function(
                   ^^^^^^^^^^^^^^^^^^^^^^^^^^^^
    ...<3 lines>...
    )
    ^
  File "/Users/tumiso_monini/Documents/GitHub/AI_GEN_course_build/.venv/lib/python3.13/site-packages/fastapi/routing.py", line 212, in run_endpoint_function
    return await dependant.call(**values)
           ^^^^^^^^^^^^^^^^^^^^^^^^^^^^^^
  File "/Users/tumiso_monini/Documents/GitHub/AI_GEN_course_build/Application/API/Endpoints/courses.py", line 63, in search_courses
    results = repo.search_courses(q) if q else []
              ^^^^^^^^^^^^^^^^^^^
AttributeError: 'NoneType' object has no attribute 'search_courses'
------------------------------ Captured log call -------------------------------
ERROR    root:dependencies.py:113 ❌ Postgres initialization failed: RetryError[<Future at 0x129ae0190 state=finished raised DuplicateTable>]
______________ TestCoursesEndpoints.test_generate_course_template ______________
Application/Tests/test_api.py:46: in test_generate_course_template
    assert response.status_code == 200
E   assert 500 == 200
E    +  where 500 = <Response [500 Internal Server Error]>.status_code
----------------------------- Captured stdout call -----------------------------
PostgresRepo connected: localhost:5433/ai_gen_db
PostgresRepo connected: localhost:5433/ai_gen_db
PostgresRepo connected: localhost:5433/ai_gen_db
🚨 UNHANDLED EXCEPTION: 'NoneType' object has no attribute 'create_course_from_template'
----------------------------- Captured stderr call -----------------------------
Traceback (most recent call last):
  File "/Users/tumiso_monini/Documents/GitHub/AI_GEN_course_build/.venv/lib/python3.13/site-packages/starlette/middleware/base.py", line 157, in call_next
    message = await recv_stream.receive()
              ^^^^^^^^^^^^^^^^^^^^^^^^^^^
  File "/Users/tumiso_monini/Documents/GitHub/AI_GEN_course_build/.venv/lib/python3.13/site-packages/anyio/streams/memory.py", line 132, in receive
    raise EndOfStream from None
anyio.EndOfStream

During handling of the above exception, another exception occurred:

Traceback (most recent call last):
  File "/Users/tumiso_monini/Documents/GitHub/AI_GEN_course_build/Application/API/Main.py", line 109, in catch_exceptions_middleware
    return await call_next(request)
           ^^^^^^^^^^^^^^^^^^^^^^^^
  File "/Users/tumiso_monini/Documents/GitHub/AI_GEN_course_build/.venv/lib/python3.13/site-packages/starlette/middleware/base.py", line 163, in call_next
    raise app_exc
  File "/Users/tumiso_monini/Documents/GitHub/AI_GEN_course_build/.venv/lib/python3.13/site-packages/starlette/middleware/base.py", line 149, in coro
    await self.app(scope, receive_or_disconnect, send_no_error)
  File "/Users/tumiso_monini/Documents/GitHub/AI_GEN_course_build/.venv/lib/python3.13/site-packages/starlette/middleware/cors.py", line 85, in __call__
    await self.app(scope, receive, send)
  File "/Users/tumiso_monini/Documents/GitHub/AI_GEN_course_build/.venv/lib/python3.13/site-packages/starlette/middleware/exceptions.py", line 62, in __call__
    await wrap_app_handling_exceptions(self.app, conn)(scope, receive, send)
  File "/Users/tumiso_monini/Documents/GitHub/AI_GEN_course_build/.venv/lib/python3.13/site-packages/starlette/_exception_handler.py", line 62, in wrapped_app
    raise exc
  File "/Users/tumiso_monini/Documents/GitHub/AI_GEN_course_build/.venv/lib/python3.13/site-packages/starlette/_exception_handler.py", line 51, in wrapped_app
    await app(scope, receive, sender)
  File "/Users/tumiso_monini/Documents/GitHub/AI_GEN_course_build/.venv/lib/python3.13/site-packages/starlette/routing.py", line 715, in __call__
    await self.middleware_stack(scope, receive, send)
  File "/Users/tumiso_monini/Documents/GitHub/AI_GEN_course_build/.venv/lib/python3.13/site-packages/starlette/routing.py", line 735, in app
    await route.handle(scope, receive, send)
  File "/Users/tumiso_monini/Documents/GitHub/AI_GEN_course_build/.venv/lib/python3.13/site-packages/starlette/routing.py", line 288, in handle
    await self.app(scope, receive, send)
  File "/Users/tumiso_monini/Documents/GitHub/AI_GEN_course_build/.venv/lib/python3.13/site-packages/starlette/routing.py", line 76, in app
    await wrap_app_handling_exceptions(app, request)(scope, receive, send)
  File "/Users/tumiso_monini/Documents/GitHub/AI_GEN_course_build/.venv/lib/python3.13/site-packages/starlette/_exception_handler.py", line 62, in wrapped_app
    raise exc
  File "/Users/tumiso_monini/Documents/GitHub/AI_GEN_course_build/.venv/lib/python3.13/site-packages/starlette/_exception_handler.py", line 51, in wrapped_app
    await app(scope, receive, sender)
  File "/Users/tumiso_monini/Documents/GitHub/AI_GEN_course_build/.venv/lib/python3.13/site-packages/starlette/routing.py", line 73, in app
    response = await f(request)
               ^^^^^^^^^^^^^^^^
  File "/Users/tumiso_monini/Documents/GitHub/AI_GEN_course_build/.venv/lib/python3.13/site-packages/fastapi/routing.py", line 301, in app
    raw_response = await run_endpoint_function(
                   ^^^^^^^^^^^^^^^^^^^^^^^^^^^^
    ...<3 lines>...
    )
    ^
  File "/Users/tumiso_monini/Documents/GitHub/AI_GEN_course_build/.venv/lib/python3.13/site-packages/fastapi/routing.py", line 212, in run_endpoint_function
    return await dependant.call(**values)
           ^^^^^^^^^^^^^^^^^^^^^^^^^^^^^^
  File "/Users/tumiso_monini/Documents/GitHub/AI_GEN_course_build/Application/API/Endpoints/courses.py", line 88, in generate_course_template
    course_id = repo.create_course_from_template(template_stub)
                ^^^^^^^^^^^^^^^^^^^^^^^^^^^^^^^^
AttributeError: 'NoneType' object has no attribute 'create_course_from_template'
------------------------------ Captured log call -------------------------------
ERROR    root:dependencies.py:113 ❌ Postgres initialization failed: RetryError[<Future at 0x129a9a330 state=finished raised DuplicateTable>]
_________________ TestCoursesEndpoints.test_get_course_review __________________
Application/Tests/test_api.py:84: in test_get_course_review
    course_id = create_response.json()["course_id"]
                ^^^^^^^^^^^^^^^^^^^^^^^^^^^^^^^^^^^
E   KeyError: 'course_id'
----------------------------- Captured stdout call -----------------------------
PostgresRepo connected: localhost:5433/ai_gen_db
PostgresRepo connected: localhost:5433/ai_gen_db
PostgresRepo connected: localhost:5433/ai_gen_db
🚨 UNHANDLED EXCEPTION: 'NoneType' object has no attribute 'create_course_from_template'
----------------------------- Captured stderr call -----------------------------
Traceback (most recent call last):
  File "/Users/tumiso_monini/Documents/GitHub/AI_GEN_course_build/.venv/lib/python3.13/site-packages/starlette/middleware/base.py", line 157, in call_next
    message = await recv_stream.receive()
              ^^^^^^^^^^^^^^^^^^^^^^^^^^^
  File "/Users/tumiso_monini/Documents/GitHub/AI_GEN_course_build/.venv/lib/python3.13/site-packages/anyio/streams/memory.py", line 132, in receive
    raise EndOfStream from None
anyio.EndOfStream

During handling of the above exception, another exception occurred:

Traceback (most recent call last):
  File "/Users/tumiso_monini/Documents/GitHub/AI_GEN_course_build/Application/API/Main.py", line 109, in catch_exceptions_middleware
    return await call_next(request)
           ^^^^^^^^^^^^^^^^^^^^^^^^
  File "/Users/tumiso_monini/Documents/GitHub/AI_GEN_course_build/.venv/lib/python3.13/site-packages/starlette/middleware/base.py", line 163, in call_next
    raise app_exc
  File "/Users/tumiso_monini/Documents/GitHub/AI_GEN_course_build/.venv/lib/python3.13/site-packages/starlette/middleware/base.py", line 149, in coro
    await self.app(scope, receive_or_disconnect, send_no_error)
  File "/Users/tumiso_monini/Documents/GitHub/AI_GEN_course_build/.venv/lib/python3.13/site-packages/starlette/middleware/cors.py", line 85, in __call__
    await self.app(scope, receive, send)
  File "/Users/tumiso_monini/Documents/GitHub/AI_GEN_course_build/.venv/lib/python3.13/site-packages/starlette/middleware/exceptions.py", line 62, in __call__
    await wrap_app_handling_exceptions(self.app, conn)(scope, receive, send)
  File "/Users/tumiso_monini/Documents/GitHub/AI_GEN_course_build/.venv/lib/python3.13/site-packages/starlette/_exception_handler.py", line 62, in wrapped_app
    raise exc
  File "/Users/tumiso_monini/Documents/GitHub/AI_GEN_course_build/.venv/lib/python3.13/site-packages/starlette/_exception_handler.py", line 51, in wrapped_app
    await app(scope, receive, sender)
  File "/Users/tumiso_monini/Documents/GitHub/AI_GEN_course_build/.venv/lib/python3.13/site-packages/starlette/routing.py", line 715, in __call__
    await self.middleware_stack(scope, receive, send)
  File "/Users/tumiso_monini/Documents/GitHub/AI_GEN_course_build/.venv/lib/python3.13/site-packages/starlette/routing.py", line 735, in app
    await route.handle(scope, receive, send)
  File "/Users/tumiso_monini/Documents/GitHub/AI_GEN_course_build/.venv/lib/python3.13/site-packages/starlette/routing.py", line 288, in handle
    await self.app(scope, receive, send)
  File "/Users/tumiso_monini/Documents/GitHub/AI_GEN_course_build/.venv/lib/python3.13/site-packages/starlette/routing.py", line 76, in app
    await wrap_app_handling_exceptions(app, request)(scope, receive, send)
  File "/Users/tumiso_monini/Documents/GitHub/AI_GEN_course_build/.venv/lib/python3.13/site-packages/starlette/_exception_handler.py", line 62, in wrapped_app
    raise exc
  File "/Users/tumiso_monini/Documents/GitHub/AI_GEN_course_build/.venv/lib/python3.13/site-packages/starlette/_exception_handler.py", line 51, in wrapped_app
    await app(scope, receive, sender)
  File "/Users/tumiso_monini/Documents/GitHub/AI_GEN_course_build/.venv/lib/python3.13/site-packages/starlette/routing.py", line 73, in app
    response = await f(request)
               ^^^^^^^^^^^^^^^^
  File "/Users/tumiso_monini/Documents/GitHub/AI_GEN_course_build/.venv/lib/python3.13/site-packages/fastapi/routing.py", line 301, in app
    raw_response = await run_endpoint_function(
                   ^^^^^^^^^^^^^^^^^^^^^^^^^^^^
    ...<3 lines>...
    )
    ^
  File "/Users/tumiso_monini/Documents/GitHub/AI_GEN_course_build/.venv/lib/python3.13/site-packages/fastapi/routing.py", line 212, in run_endpoint_function
    return await dependant.call(**values)
           ^^^^^^^^^^^^^^^^^^^^^^^^^^^^^^
  File "/Users/tumiso_monini/Documents/GitHub/AI_GEN_course_build/Application/API/Endpoints/courses.py", line 88, in generate_course_template
    course_id = repo.create_course_from_template(template_stub)
                ^^^^^^^^^^^^^^^^^^^^^^^^^^^^^^^^
AttributeError: 'NoneType' object has no attribute 'create_course_from_template'
------------------------------ Captured log call -------------------------------
ERROR    root:dependencies.py:113 ❌ Postgres initialization failed: RetryError[<Future at 0x129bcd8b0 state=finished raised DuplicateTable>]
___________________ TestCoursesEndpoints.test_course_status ____________________
Application/Tests/test_api.py:94: in test_course_status
    assert response.status_code == 404
E   assert 500 == 404
E    +  where 500 = <Response [500 Internal Server Error]>.status_code
----------------------------- Captured stdout call -----------------------------
PostgresRepo connected: localhost:5433/ai_gen_db
PostgresRepo connected: localhost:5433/ai_gen_db
PostgresRepo connected: localhost:5433/ai_gen_db
🚨 UNHANDLED EXCEPTION: 'NoneType' object has no attribute 'get_course_status'
----------------------------- Captured stderr call -----------------------------
Traceback (most recent call last):
  File "/Users/tumiso_monini/Documents/GitHub/AI_GEN_course_build/.venv/lib/python3.13/site-packages/starlette/middleware/base.py", line 157, in call_next
    message = await recv_stream.receive()
              ^^^^^^^^^^^^^^^^^^^^^^^^^^^
  File "/Users/tumiso_monini/Documents/GitHub/AI_GEN_course_build/.venv/lib/python3.13/site-packages/anyio/streams/memory.py", line 132, in receive
    raise EndOfStream from None
anyio.EndOfStream

During handling of the above exception, another exception occurred:

Traceback (most recent call last):
  File "/Users/tumiso_monini/Documents/GitHub/AI_GEN_course_build/Application/API/Main.py", line 109, in catch_exceptions_middleware
    return await call_next(request)
           ^^^^^^^^^^^^^^^^^^^^^^^^
  File "/Users/tumiso_monini/Documents/GitHub/AI_GEN_course_build/.venv/lib/python3.13/site-packages/starlette/middleware/base.py", line 163, in call_next
    raise app_exc
  File "/Users/tumiso_monini/Documents/GitHub/AI_GEN_course_build/.venv/lib/python3.13/site-packages/starlette/middleware/base.py", line 149, in coro
    await self.app(scope, receive_or_disconnect, send_no_error)
  File "/Users/tumiso_monini/Documents/GitHub/AI_GEN_course_build/.venv/lib/python3.13/site-packages/starlette/middleware/cors.py", line 85, in __call__
    await self.app(scope, receive, send)
  File "/Users/tumiso_monini/Documents/GitHub/AI_GEN_course_build/.venv/lib/python3.13/site-packages/starlette/middleware/exceptions.py", line 62, in __call__
    await wrap_app_handling_exceptions(self.app, conn)(scope, receive, send)
  File "/Users/tumiso_monini/Documents/GitHub/AI_GEN_course_build/.venv/lib/python3.13/site-packages/starlette/_exception_handler.py", line 62, in wrapped_app
    raise exc
  File "/Users/tumiso_monini/Documents/GitHub/AI_GEN_course_build/.venv/lib/python3.13/site-packages/starlette/_exception_handler.py", line 51, in wrapped_app
    await app(scope, receive, sender)
  File "/Users/tumiso_monini/Documents/GitHub/AI_GEN_course_build/.venv/lib/python3.13/site-packages/starlette/routing.py", line 715, in __call__
    await self.middleware_stack(scope, receive, send)
  File "/Users/tumiso_monini/Documents/GitHub/AI_GEN_course_build/.venv/lib/python3.13/site-packages/starlette/routing.py", line 735, in app
    await route.handle(scope, receive, send)
  File "/Users/tumiso_monini/Documents/GitHub/AI_GEN_course_build/.venv/lib/python3.13/site-packages/starlette/routing.py", line 288, in handle
    await self.app(scope, receive, send)
  File "/Users/tumiso_monini/Documents/GitHub/AI_GEN_course_build/.venv/lib/python3.13/site-packages/starlette/routing.py", line 76, in app
    await wrap_app_handling_exceptions(app, request)(scope, receive, send)
  File "/Users/tumiso_monini/Documents/GitHub/AI_GEN_course_build/.venv/lib/python3.13/site-packages/starlette/_exception_handler.py", line 62, in wrapped_app
    raise exc
  File "/Users/tumiso_monini/Documents/GitHub/AI_GEN_course_build/.venv/lib/python3.13/site-packages/starlette/_exception_handler.py", line 51, in wrapped_app
    await app(scope, receive, sender)
  File "/Users/tumiso_monini/Documents/GitHub/AI_GEN_course_build/.venv/lib/python3.13/site-packages/starlette/routing.py", line 73, in app
    response = await f(request)
               ^^^^^^^^^^^^^^^^
  File "/Users/tumiso_monini/Documents/GitHub/AI_GEN_course_build/.venv/lib/python3.13/site-packages/fastapi/routing.py", line 301, in app
    raw_response = await run_endpoint_function(
                   ^^^^^^^^^^^^^^^^^^^^^^^^^^^^
    ...<3 lines>...
    )
    ^
  File "/Users/tumiso_monini/Documents/GitHub/AI_GEN_course_build/.venv/lib/python3.13/site-packages/fastapi/routing.py", line 212, in run_endpoint_function
    return await dependant.call(**values)
           ^^^^^^^^^^^^^^^^^^^^^^^^^^^^^^
  File "/Users/tumiso_monini/Documents/GitHub/AI_GEN_course_build/Application/API/Endpoints/courses.py", line 299, in course_status_only
    row = repo.get_course_status(course_id)
          ^^^^^^^^^^^^^^^^^^^^^^
AttributeError: 'NoneType' object has no attribute 'get_course_status'
------------------------------ Captured log call -------------------------------
ERROR    root:dependencies.py:113 ❌ Postgres initialization failed: RetryError[<Future at 0x129b49cd0 state=finished raised DuplicateTable>]
_________________ TestSyllabusEndpoints.test_generate_syllabus _________________
Application/Tests/test_api.py:114: in test_generate_syllabus
    assert response.status_code in [200, 503]
E   assert 500 in [200, 503]
E    +  where 500 = <Response [500 Internal Server Error]>.status_code
----------------------------- Captured stdout call -----------------------------
⚠️ Warning: AuthorAgent initialized without Postgres logging (Repo Down)
🔍 Initializing AstraDB...
✅ AstraDB connected
⚠️ Warning: PlannerAgent initialized without Neo4j KG (Neo4j Down)
🚨 UNHANDLED EXCEPTION: 'NoneType' object has no attribute 'database'
----------------------------- Captured stderr call -----------------------------
W0428 13:42:00.942000 59534 .venv/lib/python3.13/site-packages/torch/distributed/elastic/multiprocessing/redirects.py:29] NOTE: Redirects are currently not supported in Windows or MacOs.
Warning: You are sending unauthenticated requests to the HF Hub. Please set a HF_TOKEN to enable higher rate limits and faster downloads.
Loading weights:   0%|          | 0/103 [00:00<?, ?it/s]Loading weights: 100%|██████████| 103/103 [00:00<00:00, 6747.99it/s]
[1mBertModel LOAD REPORT[0m from: sentence-transformers/all-MiniLM-L6-v2
Key                     | Status     |  | 
------------------------+------------+--+-
embeddings.position_ids | UNEXPECTED |  | 

Notes:
- UNEXPECTED:	can be ignored when loading from different task/architecture; not ok if you expect identical arch.
Traceback (most recent call last):
  File "/Users/tumiso_monini/Documents/GitHub/AI_GEN_course_build/.venv/lib/python3.13/site-packages/starlette/middleware/base.py", line 157, in call_next
    message = await recv_stream.receive()
              ^^^^^^^^^^^^^^^^^^^^^^^^^^^
  File "/Users/tumiso_monini/Documents/GitHub/AI_GEN_course_build/.venv/lib/python3.13/site-packages/anyio/streams/memory.py", line 132, in receive
    raise EndOfStream from None
anyio.EndOfStream

During handling of the above exception, another exception occurred:

Traceback (most recent call last):
  File "/Users/tumiso_monini/Documents/GitHub/AI_GEN_course_build/Application/API/Main.py", line 109, in catch_exceptions_middleware
    return await call_next(request)
           ^^^^^^^^^^^^^^^^^^^^^^^^
  File "/Users/tumiso_monini/Documents/GitHub/AI_GEN_course_build/.venv/lib/python3.13/site-packages/starlette/middleware/base.py", line 163, in call_next
    raise app_exc
  File "/Users/tumiso_monini/Documents/GitHub/AI_GEN_course_build/.venv/lib/python3.13/site-packages/starlette/middleware/base.py", line 149, in coro
    await self.app(scope, receive_or_disconnect, send_no_error)
  File "/Users/tumiso_monini/Documents/GitHub/AI_GEN_course_build/.venv/lib/python3.13/site-packages/starlette/middleware/cors.py", line 85, in __call__
    await self.app(scope, receive, send)
  File "/Users/tumiso_monini/Documents/GitHub/AI_GEN_course_build/.venv/lib/python3.13/site-packages/starlette/middleware/exceptions.py", line 62, in __call__
    await wrap_app_handling_exceptions(self.app, conn)(scope, receive, send)
  File "/Users/tumiso_monini/Documents/GitHub/AI_GEN_course_build/.venv/lib/python3.13/site-packages/starlette/_exception_handler.py", line 62, in wrapped_app
    raise exc
  File "/Users/tumiso_monini/Documents/GitHub/AI_GEN_course_build/.venv/lib/python3.13/site-packages/starlette/_exception_handler.py", line 51, in wrapped_app
    await app(scope, receive, sender)
  File "/Users/tumiso_monini/Documents/GitHub/AI_GEN_course_build/.venv/lib/python3.13/site-packages/starlette/routing.py", line 715, in __call__
    await self.middleware_stack(scope, receive, send)
  File "/Users/tumiso_monini/Documents/GitHub/AI_GEN_course_build/.venv/lib/python3.13/site-packages/starlette/routing.py", line 735, in app
    await route.handle(scope, receive, send)
  File "/Users/tumiso_monini/Documents/GitHub/AI_GEN_course_build/.venv/lib/python3.13/site-packages/starlette/routing.py", line 288, in handle
    await self.app(scope, receive, send)
  File "/Users/tumiso_monini/Documents/GitHub/AI_GEN_course_build/.venv/lib/python3.13/site-packages/starlette/routing.py", line 76, in app
    await wrap_app_handling_exceptions(app, request)(scope, receive, send)
  File "/Users/tumiso_monini/Documents/GitHub/AI_GEN_course_build/.venv/lib/python3.13/site-packages/starlette/_exception_handler.py", line 62, in wrapped_app
    raise exc
  File "/Users/tumiso_monini/Documents/GitHub/AI_GEN_course_build/.venv/lib/python3.13/site-packages/starlette/_exception_handler.py", line 51, in wrapped_app
    await app(scope, receive, sender)
  File "/Users/tumiso_monini/Documents/GitHub/AI_GEN_course_build/.venv/lib/python3.13/site-packages/starlette/routing.py", line 73, in app
    response = await f(request)
               ^^^^^^^^^^^^^^^^
  File "/Users/tumiso_monini/Documents/GitHub/AI_GEN_course_build/.venv/lib/python3.13/site-packages/fastapi/routing.py", line 301, in app
    raw_response = await run_endpoint_function(
                   ^^^^^^^^^^^^^^^^^^^^^^^^^^^^
    ...<3 lines>...
    )
    ^
  File "/Users/tumiso_monini/Documents/GitHub/AI_GEN_course_build/.venv/lib/python3.13/site-packages/fastapi/routing.py", line 212, in run_endpoint_function
    return await dependant.call(**values)
           ^^^^^^^^^^^^^^^^^^^^^^^^^^^^^^
  File "/Users/tumiso_monini/Documents/GitHub/AI_GEN_course_build/Application/API/Endpoints/syllabus.py", line 69, in generate_syllabus
    agents = get_agents()
  File "/Users/tumiso_monini/Documents/GitHub/AI_GEN_course_build/Application/API/agents.py", line 51, in get_real_agents
    agents = initialize_real_agents()
  File "/Users/tumiso_monini/Documents/GitHub/AI_GEN_course_build/Application/API/agents.py", line 36, in initialize_real_agents
    "planner": PlannerAgent(neo4j_repo),
               ~~~~~~~~~~~~^^^^^^^^^^^^
  File "/Users/tumiso_monini/Documents/GitHub/AI_GEN_course_build/Application/Agents/Planner_agent.py", line 11, in __init__
    self.database = self.graph_repo.database
                    ^^^^^^^^^^^^^^^^^^^^^^^^
AttributeError: 'NoneType' object has no attribute 'database'
------------------------------ Captured log call -------------------------------
WARNING  torchao:__init__.py:83 Skipping import of cpp extensions due to incompatible torch version. Please upgrade to torch >= 2.11.0 (found 2.10.0).
WARNING  torchao.kernel.intmm:intmm.py:21 Warning: Detected no triton, on systems without Triton certain kernels will not work
WARNING  huggingface_hub.utils._http:_http.py:916 Warning: You are sending unauthenticated requests to the HF Hub. Please set a HF_TOKEN to enable higher rate limits and faster downloads.
____________________________ test_triple_db_manager ____________________________
Application/Tests/test_db_health.py:16: in test_triple_db_manager
    assert all(v == 'healthy' for v in health.values() if v != 'integrated')
E   assert False
E    +  where False = all(<generator object test_triple_db_manager.<locals>.<genexpr> at 0x12e96e5a0>)
----------------------------- Captured stdout call -----------------------------
PostgresRepo connected: localhost:5433/ai_gen_db
⚠️ Neo4j auth failed with env credentials ({code: Neo.ClientError.Security.Unauthorized} {message: The client is unauthorized due to authentication failure.}), retrying with local defaults...
{code: Neo.ClientError.Schema.EquivalentSchemaRuleAlreadyExists} {message: An equivalent constraint already exists, 'Constraint( id=4, name='constraint_unique_Topic_name', type='UNIQUENESS', schema=(:Topic {name}), ownedIndex=3 )'.}
__________________________ test_check_all_dbs_healthy __________________________
Application/API/dependencies.py:211: in check_all_dbs
    raise ValueError("Postgres not initialized")
E   ValueError: Postgres not initialized

During handling of the above exception, another exception occurred:
.venv/lib/python3.13/site-packages/tenacity/__init__.py:473: in __call__
    result = fn(*args, **kwargs)
             ^^^^^^^^^^^^^^^^^^^
Application/API/dependencies.py:218: in check_all_dbs
    raise Exception(f"Critical: Postgres unhealthy - {e}")
E   Exception: Critical: Postgres unhealthy - Postgres not initialized

The above exception was the direct cause of the following exception:
Application/Tests/test_db_health.py:22: in test_check_all_dbs_healthy
    results = check_all_dbs()
              ^^^^^^^^^^^^^^^
.venv/lib/python3.13/site-packages/tenacity/__init__.py:331: in wrapped_f
    return copy(f, *args, **kw)
           ^^^^^^^^^^^^^^^^^^^^
.venv/lib/python3.13/site-packages/tenacity/__init__.py:470: in __call__
    do = self.iter(retry_state=retry_state)
         ^^^^^^^^^^^^^^^^^^^^^^^^^^^^^^^^^^
.venv/lib/python3.13/site-packages/tenacity/__init__.py:371: in iter
    result = action(retry_state)
             ^^^^^^^^^^^^^^^^^^^
.venv/lib/python3.13/site-packages/tenacity/__init__.py:414: in exc_check
    raise retry_exc from fut.exception()
E   tenacity.RetryError: RetryError[<Future at 0x12998c4d0 state=finished raised Exception>]

During handling of the above exception, another exception occurred:
Application/Tests/test_db_health.py:26: in test_check_all_dbs_healthy
    pytest.fail(f'Legacy DB health check failed: {e}')
E   Failed: Legacy DB health check failed: RetryError[<Future at 0x12998c4d0 state=finished raised Exception>]
_____________________________ test_neo4j_singleton _____________________________
Application/Tests/test_db_health.py:40: in test_neo4j_singleton
    assert _neo4j_repo is not None
E   assert None is not None
----------------------------- Captured stdout call -----------------------------
🔍 Testing local Neo4j (Docker): bolt://localhost:7687
✅ Neo4j connectivity: None
{code: Neo.ClientError.Schema.EquivalentSchemaRuleAlreadyExists} {message: An equivalent constraint already exists, 'Constraint( id=4, name='constraint_unique_Topic_name', type='UNIQUENESS', schema=(:Topic {name}), ownedIndex=3 )'.}
Setting up indexes and constraints...

Found Application.Infrastructure.graphDb.models.Course
 + Creating node unique constraint for course_id on label Course for class Application.Infrastructure.graphDb.models.Course
✅ Neo4j connectivity: None
{code: Neo.ClientError.Schema.EquivalentSchemaRuleAlreadyExists} {message: An equivalent constraint already exists, 'Constraint( id=4, name='constraint_unique_Topic_name', type='UNIQUENESS', schema=(:Topic {name}), ownedIndex=3 )'.}
Setting up indexes and constraints...

Found Application.Infrastructure.graphDb.models.Course
 + Creating node unique constraint for course_id on label Course for class Application.Infrastructure.graphDb.models.Course
✅ Neo4j connectivity: None
{code: Neo.ClientError.Schema.EquivalentSchemaRuleAlreadyExists} {message: An equivalent constraint already exists, 'Constraint( id=4, name='constraint_unique_Topic_name', type='UNIQUENESS', schema=(:Topic {name}), ownedIndex=3 )'.}
Setting up indexes and constraints...

Found Application.Infrastructure.graphDb.models.Course
 + Creating node unique constraint for course_id on label Course for class Application.Infrastructure.graphDb.models.Course
✅ Neo4j connectivity: None
{code: Neo.ClientError.Schema.EquivalentSchemaRuleAlreadyExists} {message: An equivalent constraint already exists, 'Constraint( id=4, name='constraint_unique_Topic_name', type='UNIQUENESS', schema=(:Topic {name}), ownedIndex=3 )'.}
Setting up indexes and constraints...

Found Application.Infrastructure.graphDb.models.Course
 + Creating node unique constraint for course_id on label Course for class Application.Infrastructure.graphDb.models.Course
✅ Neo4j connectivity: None
{code: Neo.ClientError.Schema.EquivalentSchemaRuleAlreadyExists} {message: An equivalent constraint already exists, 'Constraint( id=4, name='constraint_unique_Topic_name', type='UNIQUENESS', schema=(:Topic {name}), ownedIndex=3 )'.}
Setting up indexes and constraints...

Found Application.Infrastructure.graphDb.models.Course
 + Creating node unique constraint for course_id on label Course for class Application.Infrastructure.graphDb.models.Course
❌ Local Neo4j failed: RetryError[<Future at 0x12e99bbd0 state=finished raised DatabaseError>]
💡 Fix: cd Application/Docker && docker compose up -d neo4j
__________________________________ test_flow ___________________________________
.venv/lib/python3.13/site-packages/httpx/_transports/default.py:101: in map_httpcore_exceptions
    yield
.venv/lib/python3.13/site-packages/httpx/_transports/default.py:394: in handle_async_request
    resp = await self._pool.handle_async_request(req)
           ^^^^^^^^^^^^^^^^^^^^^^^^^^^^^^^^^^^^^^^^^^
.venv/lib/python3.13/site-packages/httpcore/_async/connection_pool.py:256: in handle_async_request
    raise exc from None
.venv/lib/python3.13/site-packages/httpcore/_async/connection_pool.py:236: in handle_async_request
    response = await connection.handle_async_request(
.venv/lib/python3.13/site-packages/httpcore/_async/connection.py:101: in handle_async_request
    raise exc
.venv/lib/python3.13/site-packages/httpcore/_async/connection.py:78: in handle_async_request
    stream = await self._connect(request)
             ^^^^^^^^^^^^^^^^^^^^^^^^^^^^
.venv/lib/python3.13/site-packages/httpcore/_async/connection.py:124: in _connect
    stream = await self._network_backend.connect_tcp(**kwargs)
             ^^^^^^^^^^^^^^^^^^^^^^^^^^^^^^^^^^^^^^^^^^^^^^^^^
.venv/lib/python3.13/site-packages/httpcore/_backends/auto.py:31: in connect_tcp
    return await self._backend.connect_tcp(
.venv/lib/python3.13/site-packages/httpcore/_backends/anyio.py:113: in connect_tcp
    with map_exceptions(exc_map):
         ^^^^^^^^^^^^^^^^^^^^^^^
/Library/Frameworks/Python.framework/Versions/3.13/lib/python3.13/contextlib.py:162: in __exit__
    self.gen.throw(value)
.venv/lib/python3.13/site-packages/httpcore/_exceptions.py:14: in map_exceptions
    raise to_exc(exc) from exc
E   httpcore.ConnectError: All connection attempts failed

The above exception was the direct cause of the following exception:
Application/Tests/test_frontend_api_interactivity.py:15: in test_flow
    search_res = await client.get(f"{BASE_URL}/courses/search-courses?q=Unity")
                 ^^^^^^^^^^^^^^^^^^^^^^^^^^^^^^^^^^^^^^^^^^^^^^^^^^^^^^^^^^^^^^
.venv/lib/python3.13/site-packages/httpx/_client.py:1768: in get
    return await self.request(
.venv/lib/python3.13/site-packages/httpx/_client.py:1540: in request
    return await self.send(request, auth=auth, follow_redirects=follow_redirects)
           ^^^^^^^^^^^^^^^^^^^^^^^^^^^^^^^^^^^^^^^^^^^^^^^^^^^^^^^^^^^^^^^^^^^^^^
.venv/lib/python3.13/site-packages/httpx/_client.py:1629: in send
    response = await self._send_handling_auth(
.venv/lib/python3.13/site-packages/httpx/_client.py:1657: in _send_handling_auth
    response = await self._send_handling_redirects(
.venv/lib/python3.13/site-packages/httpx/_client.py:1694: in _send_handling_redirects
    response = await self._send_single_request(request)
               ^^^^^^^^^^^^^^^^^^^^^^^^^^^^^^^^^^^^^^^^
.venv/lib/python3.13/site-packages/httpx/_client.py:1730: in _send_single_request
    response = await transport.handle_async_request(request)
               ^^^^^^^^^^^^^^^^^^^^^^^^^^^^^^^^^^^^^^^^^^^^^
.venv/lib/python3.13/site-packages/httpx/_transports/default.py:393: in handle_async_request
    with map_httpcore_exceptions():
         ^^^^^^^^^^^^^^^^^^^^^^^^^
/Library/Frameworks/Python.framework/Versions/3.13/lib/python3.13/contextlib.py:162: in __exit__
    self.gen.throw(value)
.venv/lib/python3.13/site-packages/httpx/_transports/default.py:118: in map_httpcore_exceptions
    raise mapped_exc(message) from exc
E   httpx.ConnectError: All connection attempts failed
----------------------------- Captured stdout call -----------------------------
🚀 Starting Frontend-Backend Interactivity Test...
🔍 Testing Search API...
_______________________ test_create_course_from_template _______________________
Application/Tests/test_postgres_repo.py:67: in test_create_course_from_template
    course_id = repo.create_course_from_template(template)
                ^^^^^^^^^^^^^^^^^^^^^^^^^^^^^^^^^^^^^^^^^^
Application/Infrastructure/relationalDB/postgres_repo.py:235: in create_course_from_template
    cur.execute(
E   psycopg2.errors.InvalidColumnReference: there is no unique or exclusion constraint matching the ON CONFLICT specification
__________________________ test_cleaner_syllabus_dict __________________________
Application/Tests/test_scraper.py:68: in test_cleaner_syllabus_dict
    assert 'Topic 1' in topics
E   AssertionError: assert 'Topic 1' in ['Very long outlier topic.....................................................']
____________________ test_scrape_relevant_syllabi_parallel _____________________
Application/Tests/test_scraper.py:102: in test_scrape_relevant_syllabi_parallel
    assert (raw_stats['removed_duplicate'] + raw_stats['removed_junk']) > 0
E   assert (0 + 0) > 0
----------------------------- Captured stdout call -----------------------------
🎯 Cache hit for 'Test Course'
______________________ test_successful_workflow_execution ______________________
Application/Tests/test_syllabus_workflow.py:68: in test_successful_workflow_execution
    initial_state = SyllabusState(
E   pydantic_core._pydantic_core.ValidationError: 1 validation error for SyllabusState
E   chapters
E     Input should be a valid list [type=list_type, input_value={}, input_type=dict]
E       For further information visit https://errors.pydantic.dev/2.13/v/list_type
_______________________ test_workflow_with_empty_topics ________________________
Application/Tests/test_syllabus_workflow.py:99: in test_workflow_with_empty_topics
    initial_state = SyllabusState(
E   pydantic_core._pydantic_core.ValidationError: 1 validation error for SyllabusState
E   chapters
E     Input should be a valid list [type=list_type, input_value={}, input_type=dict]
E       For further information visit https://errors.pydantic.dev/2.13/v/list_type
____________________ test_workflow_with_validation_failure _____________________
Application/Tests/test_syllabus_workflow.py:122: in test_workflow_with_validation_failure
    initial_state = SyllabusState(
E   pydantic_core._pydantic_core.ValidationError: 1 validation error for SyllabusState
E   chapters
E     Input should be a valid list [type=list_type, input_value={}, input_type=dict]
E       For further information visit https://errors.pydantic.dev/2.13/v/list_type
______________________ test_workflow_with_author_failure _______________________
Application/Tests/test_syllabus_workflow.py:148: in test_workflow_with_author_failure
    initial_state = SyllabusState(
E   pydantic_core._pydantic_core.ValidationError: 1 validation error for SyllabusState
E   chapters
E     Input should be a valid list [type=list_type, input_value={}, input_type=dict]
E       For further information visit https://errors.pydantic.dev/2.13/v/list_type
_____________________ test_workflow_with_reviewer_failure ______________________
Application/Tests/test_syllabus_workflow.py:170: in test_workflow_with_reviewer_failure
    initial_state = SyllabusState(
E   pydantic_core._pydantic_core.ValidationError: 1 validation error for SyllabusState
E   chapters
E     Input should be a valid list [type=list_type, input_value={}, input_type=dict]
E       For further information visit https://errors.pydantic.dev/2.13/v/list_type
_____________________ test_workflow_with_assembler_failure _____________________
Application/Tests/test_syllabus_workflow.py:193: in test_workflow_with_assembler_failure
    initial_state = SyllabusState(
E   pydantic_core._pydantic_core.ValidationError: 1 validation error for SyllabusState
E   chapters
E     Input should be a valid list [type=list_type, input_value={}, input_type=dict]
E       For further information visit https://errors.pydantic.dev/2.13/v/list_type
=============================== warnings summary ===============================
.venv/lib/python3.13/site-packages/starlette/formparsers.py:12
  /Users/tumiso_monini/Documents/GitHub/AI_GEN_course_build/.venv/lib/python3.13/site-packages/starlette/formparsers.py:12: PendingDeprecationWarning: Please use `import python_multipart` instead.
    import multipart

Application/API/Endpoints/courses.py:51
  /Users/tumiso_monini/Documents/GitHub/AI_GEN_course_build/Application/API/Endpoints/courses.py:51: PydanticDeprecatedSince212: Using `@model_validator` with mode='after' on a classmethod is deprecated. Instead, use an instance method. See the documentation at https://docs.pydantic.dev/2.13/concepts/validators/#model-after-validator. Deprecated in Pydantic V2.12 to be removed in V3.0.
    @model_validator(mode='after')

Application/Tests/test_syllabus_workflow.py:209
  /Users/tumiso_monini/Documents/GitHub/AI_GEN_course_build/Application/Tests/test_syllabus_workflow.py:209: PytestUnknownMarkWarning: Unknown pytest.mark.integration - is this a typo?  You can register custom marks to avoid this warning - for details, see https://docs.pytest.org/en/stable/how-to/mark.html
    @pytest.mark.integration

Application/Tests/test_api.py::TestCoursesEndpoints::test_generate_course_template
  /Users/tumiso_monini/Documents/GitHub/AI_GEN_course_build/.venv/lib/python3.13/site-packages/pydantic/_internal/_generate_schema.py:2264: UnsupportedFieldAttributeWarning: The 'validation_alias' attribute with value AliasChoices(choices=['title', 'topic']) was provided to the `Field()` function, which has no effect in the context it was used. 'validation_alias' is field-specific metadata, and can only be attached to a model field using `Annotated` metadata or by assignment. This may have happened because an `Annotated` type alias using the `type` statement was used, or if the `Field()` function was attached to a single member of a union type.
    warnings.warn(

Application/Tests/test_api.py::TestSyllabusEndpoints::test_generate_syllabus
  <frozen importlib._bootstrap>:488: DeprecationWarning: builtin type SwigPyPacked has no __module__ attribute

Application/Tests/test_api.py::TestSyllabusEndpoints::test_generate_syllabus
  <frozen importlib._bootstrap>:488: DeprecationWarning: builtin type SwigPyObject has no __module__ attribute

Application/Tests/test_db_health.py::test_neo4j_singleton
Application/Tests/test_db_health.py::test_neo4j_singleton
Application/Tests/test_db_health.py::test_neo4j_singleton
Application/Tests/test_rag_integration.py::TestRAGIntegration::test_full_rag_flow
Application/Tests/test_rag_integration.py::TestRAGIntegration::test_full_rag_flow
Application/Tests/test_rag_integration.py::TestRAGIntegration::test_full_rag_flow
Application/Tests/test_scraper.py::test_cleaner_syllabus_dict
  /Users/tumiso_monini/Documents/GitHub/AI_GEN_course_build/.venv/lib/python3.13/site-packages/neo4j/_sync/driver.py:511: DeprecationWarning: Relying on Driver's destructor to close the session is deprecated. Please make sure to close the session. Use it as a context (`with` statement) or make sure to call `.close()` explicitly. Future versions of the driver will not close drivers automatically.
    deprecation_warn(

-- Docs: https://docs.pytest.org/en/stable/how-to/capture-warnings.html
=========================== short test summary info ============================
FAILED Application/Tests/test_api.py::TestCoursesEndpoints::test_search_courses
FAILED Application/Tests/test_api.py::TestCoursesEndpoints::test_generate_course_template
FAILED Application/Tests/test_api.py::TestCoursesEndpoints::test_get_course_review
FAILED Application/Tests/test_api.py::TestCoursesEndpoints::test_course_status
FAILED Application/Tests/test_api.py::TestSyllabusEndpoints::test_generate_syllabus
FAILED Application/Tests/test_db_health.py::test_triple_db_manager - assert F...
FAILED Application/Tests/test_db_health.py::test_check_all_dbs_healthy - Fail...
FAILED Application/Tests/test_db_health.py::test_neo4j_singleton - assert Non...
FAILED Application/Tests/test_frontend_api_interactivity.py::test_flow - http...
FAILED Application/Tests/test_postgres_repo.py::test_create_course_from_template
FAILED Application/Tests/test_scraper.py::test_cleaner_syllabus_dict - Assert...
FAILED Application/Tests/test_scraper.py::test_scrape_relevant_syllabi_parallel
FAILED Application/Tests/test_syllabus_workflow.py::test_successful_workflow_execution
FAILED Application/Tests/test_syllabus_workflow.py::test_workflow_with_empty_topics
FAILED Application/Tests/test_syllabus_workflow.py::test_workflow_with_validation_failure
FAILED Application/Tests/test_syllabus_workflow.py::test_workflow_with_author_failure
FAILED Application/Tests/test_syllabus_workflow.py::test_workflow_with_reviewer_failure
FAILED Application/Tests/test_syllabus_workflow.py::test_workflow_with_assembler_failure
= 18 failed, 36 passed, 1 skipped, 1 deselected, 13 warnings in 78.70s (0:01:18) =
